Using pre-set license
Built from '2021.3/staging' branch; Version is '2021.3.11f1 (0a5ca18544bf) revision 679073'; Using compiler version '192829333'; Build Type 'Release'
OS: 'Windows 10  (10.0.19045) 64bit Core' Language: 'pl' Physical Memory: 16293 MB
BatchMode: 1, IsHumanControllingUs: 0, StartBugReporterOnCrash: 0, Is64bit: 1, IsPro: 1

COMMAND LINE ARGUMENTS:
C:\Program Files\Unity\Hub\Editor\2021.3.11f1\Editor\Unity.exe
-adb2
-batchMode
-noUpm
-name
AssetImportWorker9
-projectPath
D:/Kingston/Year 3/FYP/FYP(Git)/FYP
-logFile
Logs/AssetImportWorker9.log
-srvPort
59684
Successfully changed project path to: D:/Kingston/Year 3/FYP/FYP(Git)/FYP
D:/Kingston/Year 3/FYP/FYP(Git)/FYP
[UnityMemory] Configuration Parameters - Can be set up in boot.config
    "memorysetup-bucket-allocator-granularity=16"
    "memorysetup-bucket-allocator-bucket-count=8"
    "memorysetup-bucket-allocator-block-size=33554432"
    "memorysetup-bucket-allocator-block-count=8"
    "memorysetup-main-allocator-block-size=16777216"
    "memorysetup-thread-allocator-block-size=16777216"
    "memorysetup-gfx-main-allocator-block-size=16777216"
    "memorysetup-gfx-thread-allocator-block-size=16777216"
    "memorysetup-cache-allocator-block-size=4194304"
    "memorysetup-typetree-allocator-block-size=2097152"
    "memorysetup-profiler-bucket-allocator-granularity=16"
    "memorysetup-profiler-bucket-allocator-bucket-count=8"
    "memorysetup-profiler-bucket-allocator-block-size=33554432"
    "memorysetup-profiler-bucket-allocator-block-count=8"
    "memorysetup-profiler-allocator-block-size=16777216"
    "memorysetup-profiler-editor-allocator-block-size=1048576"
    "memorysetup-temp-allocator-size-main=16777216"
    "memorysetup-job-temp-allocator-block-size=2097152"
    "memorysetup-job-temp-allocator-block-size-background=1048576"
    "memorysetup-job-temp-allocator-reduction-small-platforms=262144"
    "memorysetup-temp-allocator-size-background-worker=32768"
    "memorysetup-temp-allocator-size-job-worker=262144"
    "memorysetup-temp-allocator-size-preload-manager=33554432"
    "memorysetup-temp-allocator-size-nav-mesh-worker=65536"
    "memorysetup-temp-allocator-size-audio-worker=65536"
    "memorysetup-temp-allocator-size-cloud-worker=32768"
    "memorysetup-temp-allocator-size-gi-baking-worker=262144"
    "memorysetup-temp-allocator-size-gfx=262144"
Refreshing native plugins compatible for Editor in 112.26 ms, found 3 plugins.
Preloading 0 native plugins for Editor in 0.00 ms.
Initialize engine version: 2021.3.11f1 (0a5ca18544bf)
[Subsystems] Discovering subsystems at path C:/Program Files/Unity/Hub/Editor/2021.3.11f1/Editor/Data/Resources/UnitySubsystems
[Subsystems] Discovering subsystems at path D:/Kingston/Year 3/FYP/FYP(Git)/FYP/Assets
GfxDevice: creating device client; threaded=0; jobified=0
Direct3D:
    Version:  Direct3D 11.0 [level 11.1]
    Renderer: NVIDIA GeForce RTX 3070 (ID=0x2484)
    Vendor:   NVIDIA
    VRAM:     8031 MB
    Driver:   31.0.15.3129
Initialize mono
Mono path[0] = 'C:/Program Files/Unity/Hub/Editor/2021.3.11f1/Editor/Data/Managed'
Mono path[1] = 'C:/Program Files/Unity/Hub/Editor/2021.3.11f1/Editor/Data/MonoBleedingEdge/lib/mono/unityjit-win32'
Mono config path = 'C:/Program Files/Unity/Hub/Editor/2021.3.11f1/Editor/Data/MonoBleedingEdge/etc'
Using monoOptions --debugger-agent=transport=dt_socket,embedding=1,server=y,suspend=n,address=127.0.0.1:56756
Begin MonoManager ReloadAssembly
Registering precompiled unity dll's ...
Register platform support module: C:/Program Files/Unity/Hub/Editor/2021.3.11f1/Editor/Data/PlaybackEngines/WebGLSupport/UnityEditor.WebGL.Extensions.dll
Register platform support module: C:/Program Files/Unity/Hub/Editor/2021.3.11f1/Editor/Data/PlaybackEngines/AndroidPlayer/UnityEditor.Android.Extensions.dll
Register platform support module: C:/Program Files/Unity/Hub/Editor/2021.3.11f1/Editor/Data/PlaybackEngines/iOSSupport/UnityEditor.iOS.Extensions.dll
Register platform support module: C:/Program Files/Unity/Hub/Editor/2021.3.11f1/Editor/Data/PlaybackEngines/WindowsStandaloneSupport/UnityEditor.WindowsStandalone.Extensions.dll
Register platform support module: C:/Program Files/Unity/Hub/Editor/2021.3.11f1/Editor/Data/PlaybackEngines/MetroSupport/UnityEditor.UWP.Extensions.dll
Registered in 0.011104 seconds.
Native extension for UWP target not found
Native extension for WindowsStandalone target not found
[usbmuxd] Start listen thread
[usbmuxd] Listen thread started
Native extension for iOS target not found
Native extension for Android target not found
Native extension for WebGL target not found
Refreshing native plugins compatible for Editor in 99.02 ms, found 3 plugins.
Preloading 0 native plugins for Editor in 0.00 ms.
Mono: successfully reloaded assembly
- Completed reload, in  0.607 seconds
Domain Reload Profiling:
	ReloadAssembly (608ms)
		BeginReloadAssembly (64ms)
			ExecutionOrderSort (0ms)
			DisableScriptedObjects (0ms)
			BackupInstance (0ms)
			ReleaseScriptingObjects (0ms)
			CreateAndSetChildDomain (1ms)
		EndReloadAssembly (444ms)
			LoadAssemblies (63ms)
			RebuildTransferFunctionScriptingTraits (0ms)
			SetupTypeCache (94ms)
			ReleaseScriptCaches (0ms)
			RebuildScriptCaches (23ms)
			SetupLoadedEditorAssemblies (278ms)
				LogAssemblyErrors (0ms)
				InitializePlatformSupportModulesInManaged (60ms)
				SetLoadedEditorAssemblies (0ms)
				RefreshPlugins (99ms)
				BeforeProcessingInitializeOnLoad (1ms)
				ProcessInitializeOnLoadAttributes (80ms)
				ProcessInitializeOnLoadMethodAttributes (38ms)
				AfterProcessingInitializeOnLoad (0ms)
				EditorAssembliesLoaded (0ms)
			ExecutionOrderSort2 (0ms)
			AwakeInstancesAfterBackupRestoration (0ms)
Platform modules already initialized, skipping
Registering precompiled user dll's ...
Registered in 0.005718 seconds.
Begin MonoManager ReloadAssembly
Symbol file LoadedFromMemory doesn't match image D:\Kingston\Year 3\FYP\FYP(Git)\FYP\Library\PackageCache\com.unity.visualscripting@1.7.8\Editor\VisualScripting.Core\Dependencies\YamlDotNet\Unity.VisualScripting.YamlDotNet.dll
Symbol file LoadedFromMemory doesn't match image D:\Kingston\Year 3\FYP\FYP(Git)\FYP\Library\PackageCache\com.unity.visualscripting@1.7.8\Editor\VisualScripting.Core\Dependencies\DotNetZip\Unity.VisualScripting.IonicZip.dll
Native extension for UWP target not found
Native extension for WindowsStandalone target not found
Native extension for iOS target not found
Native extension for Android target not found
Native extension for WebGL target not found
Refreshing native plugins compatible for Editor in 98.13 ms, found 3 plugins.
Preloading 0 native plugins for Editor in 0.00 ms.
Mono: successfully reloaded assembly
- Completed reload, in  1.328 seconds
Domain Reload Profiling:
	ReloadAssembly (1329ms)
		BeginReloadAssembly (209ms)
			ExecutionOrderSort (0ms)
			DisableScriptedObjects (5ms)
			BackupInstance (0ms)
			ReleaseScriptingObjects (0ms)
			CreateAndSetChildDomain (129ms)
		EndReloadAssembly (1018ms)
			LoadAssemblies (84ms)
			RebuildTransferFunctionScriptingTraits (0ms)
			SetupTypeCache (279ms)
			ReleaseScriptCaches (1ms)
			RebuildScriptCaches (58ms)
			SetupLoadedEditorAssemblies (559ms)
				LogAssemblyErrors (0ms)
				InitializePlatformSupportModulesInManaged (22ms)
				SetLoadedEditorAssemblies (0ms)
				RefreshPlugins (98ms)
				BeforeProcessingInitializeOnLoad (103ms)
				ProcessInitializeOnLoadAttributes (252ms)
				ProcessInitializeOnLoadMethodAttributes (75ms)
				AfterProcessingInitializeOnLoad (8ms)
				EditorAssembliesLoaded (0ms)
			ExecutionOrderSort2 (0ms)
			AwakeInstancesAfterBackupRestoration (5ms)
Platform modules already initialized, skipping
========================================================================
Worker process is ready to serve import requests
Launched and connected shader compiler UnityShaderCompiler.exe after 0.03 seconds
Refreshing native plugins compatible for Editor in 0.76 ms, found 3 plugins.
Preloading 0 native plugins for Editor in 0.00 ms.
Unloading 5768 Unused Serialized files (Serialized files now loaded: 0)
Unloading 49 unused Assets / (0.8 MB). Loaded Objects now: 6224.
Memory consumption went from 229.7 MB to 228.9 MB.
Total: 3.748600 ms (FindLiveObjects: 0.422800 ms CreateObjectMapping: 0.381300 ms MarkObjects: 2.658200 ms  DeleteObjects: 0.285500 ms)

AssetImportParameters requested are different than current active one (requested -> active):
  custom:video-decoder-ogg-theora: a1e56fd34408186e4bbccfd4996cb3dc -> 
  custom:container-muxer-webm: aa71ff27fc2769a1b78a27578f13a17b -> 
  custom:container-demuxer-webm: 4f35f7cbe854078d1ac9338744f61a02 -> 
  custom:video-encoder-webm-vp8: eb34c28f22e8b96e1ab97ce403110664 -> 
  custom:audio-encoder-webm-vorbis: bf7c407c2cedff20999df2af8eb42d56 -> 
  custom:framework-win-MediaFoundation: 216162199b28c13a410421893ffa2e32 -> 
  custom:container-demuxer-ogg: 62fdf1f143b41e24485cea50d1cbac27 -> 
  custom:video-decoder-webm-vp8: 9c59270c3fd7afecdb556c50c9e8de78 -> 
  custom:audio-decoder-ogg-vorbis: bf7c407c2cedff20999df2af8eb42d56 -> 
========================================================================
Received Import Request.
  Time since last request: 7370.385614 seconds.
  path: Assets/Decrepit Dungeon LITE/Textures/Bricks_NRM.png
  artifactKey: Guid(fb9dd8cd7559cc3499bc9f93948315fd) Importer(815301076,1909f56bfc062723c751e8b465ee728b)
Start importing Assets/Decrepit Dungeon LITE/Textures/Bricks_NRM.png using Guid(fb9dd8cd7559cc3499bc9f93948315fd) Importer(815301076,1909f56bfc062723c751e8b465ee728b)  -> (artifact id: '831b09f0ee83a50143c6d15a68a70332') in 0.100294 seconds 
========================================================================
Received Import Request.
  Time since last request: 0.000023 seconds.
  path: Assets/Decrepit Dungeon LITE/Textures/Cement_A.png
  artifactKey: Guid(7eecb50e2673b7941912a83698b951d2) Importer(815301076,1909f56bfc062723c751e8b465ee728b)
Start importing Assets/Decrepit Dungeon LITE/Textures/Cement_A.png using Guid(7eecb50e2673b7941912a83698b951d2) Importer(815301076,1909f56bfc062723c751e8b465ee728b)  -> (artifact id: '355efc9e3e075a47996a811db1c44b21') in 0.012729 seconds 
========================================================================
Received Import Request.
  Time since last request: 0.000024 seconds.
  path: Assets/Decrepit Dungeon LITE/Textures/Stone_A.png
  artifactKey: Guid(f448f41a968ad3f428b7e7aee0f0c2dd) Importer(815301076,1909f56bfc062723c751e8b465ee728b)
Start importing Assets/Decrepit Dungeon LITE/Textures/Stone_A.png using Guid(f448f41a968ad3f428b7e7aee0f0c2dd) Importer(815301076,1909f56bfc062723c751e8b465ee728b)  -> (artifact id: '893cfafc979a0a855e9f23d3c1320f06') in 0.012247 seconds 
========================================================================
Received Import Request.
  Time since last request: 0.000021 seconds.
  path: Assets/Decrepit Dungeon LITE/Textures/Wax_B.png
  artifactKey: Guid(dfdf854adc26f2648970cce4db42e00a) Importer(815301076,1909f56bfc062723c751e8b465ee728b)
Start importing Assets/Decrepit Dungeon LITE/Textures/Wax_B.png using Guid(dfdf854adc26f2648970cce4db42e00a) Importer(815301076,1909f56bfc062723c751e8b465ee728b)  -> (artifact id: '9e97c177e1e9f6a07052b9dfaff209af') in 0.012891 seconds 
========================================================================
Received Import Request.
  Time since last request: 0.000020 seconds.
  path: Assets/Decrepit Dungeon LITE/Textures/Stone_B.png
  artifactKey: Guid(067351177273358488c16a7a314503fe) Importer(815301076,1909f56bfc062723c751e8b465ee728b)
Start importing Assets/Decrepit Dungeon LITE/Textures/Stone_B.png using Guid(067351177273358488c16a7a314503fe) Importer(815301076,1909f56bfc062723c751e8b465ee728b)  -> (artifact id: '36d61b6d181cd55261ddce47b8e99d7b') in 0.012528 seconds 
========================================================================
Received Import Request.
  Time since last request: 0.000030 seconds.
  path: Assets/Decrepit Dungeon LITE/Textures/Hay_C.png
  artifactKey: Guid(5350a6bbdb29599449c960c87464965a) Importer(815301076,1909f56bfc062723c751e8b465ee728b)
Start importing Assets/Decrepit Dungeon LITE/Textures/Hay_C.png using Guid(5350a6bbdb29599449c960c87464965a) Importer(815301076,1909f56bfc062723c751e8b465ee728b)  -> (artifact id: '354e57911e4cfe40a392825c2fc39d7c') in 0.013657 seconds 
========================================================================
Received Import Request.
  Time since last request: 0.000031 seconds.
  path: Assets/Decrepit Dungeon LITE/Textures/Grunge_D.png
  artifactKey: Guid(e706fd9c9cc1a854aacb615d1511bc64) Importer(815301076,1909f56bfc062723c751e8b465ee728b)
Start importing Assets/Decrepit Dungeon LITE/Textures/Grunge_D.png using Guid(e706fd9c9cc1a854aacb615d1511bc64) Importer(815301076,1909f56bfc062723c751e8b465ee728b)  -> (artifact id: 'c97936e27dfad260a45fd736ce3495c7') in 0.012183 seconds 
========================================================================
Received Import Request.
  Time since last request: 0.000023 seconds.
  path: Assets/Decrepit Dungeon LITE/Textures/Detail.png
  artifactKey: Guid(4e3779e0841aed74e84a2027a3b5bfac) Importer(815301076,1909f56bfc062723c751e8b465ee728b)
Start importing Assets/Decrepit Dungeon LITE/Textures/Detail.png using Guid(4e3779e0841aed74e84a2027a3b5bfac) Importer(815301076,1909f56bfc062723c751e8b465ee728b)  -> (artifact id: '1128e77f32b3ff97b4611d48e4ec5b1d') in 0.012312 seconds 
========================================================================
Received Import Request.
  Time since last request: 0.000020 seconds.
  path: Assets/Decrepit Dungeon LITE/Textures/Grunge_B.png
  artifactKey: Guid(8135e1f03891b95408ae39471b189a1f) Importer(815301076,1909f56bfc062723c751e8b465ee728b)
Start importing Assets/Decrepit Dungeon LITE/Textures/Grunge_B.png using Guid(8135e1f03891b95408ae39471b189a1f) Importer(815301076,1909f56bfc062723c751e8b465ee728b)  -> (artifact id: '5249b2ef76c311e1a5fca52abcfd4c3d') in 0.011354 seconds 
========================================================================
Received Import Request.
  Time since last request: 0.000026 seconds.
  path: Assets/Decrepit Dungeon LITE/Textures/Wood_B.png
  artifactKey: Guid(231d93827db65ec448f134bdc89c014c) Importer(815301076,1909f56bfc062723c751e8b465ee728b)
Start importing Assets/Decrepit Dungeon LITE/Textures/Wood_B.png using Guid(231d93827db65ec448f134bdc89c014c) Importer(815301076,1909f56bfc062723c751e8b465ee728b)  -> (artifact id: 'a00e18de162c098b8dd7cd84249be05b') in 0.014694 seconds 
========================================================================
Received Import Request.
  Time since last request: 0.000018 seconds.
  path: Assets/Decrepit Dungeon LITE/Textures/Wood_C_NRM.png
  artifactKey: Guid(ef33561edad3a9e4482c2ce0394e1ee1) Importer(815301076,1909f56bfc062723c751e8b465ee728b)
Start importing Assets/Decrepit Dungeon LITE/Textures/Wood_C_NRM.png using Guid(ef33561edad3a9e4482c2ce0394e1ee1) Importer(815301076,1909f56bfc062723c751e8b465ee728b)  -> (artifact id: '89953595dd7293c8cab816c67b1a5eaf') in 0.014204 seconds 
========================================================================
Received Import Request.
  Time since last request: 0.000029 seconds.
  path: Assets/Decrepit Dungeon LITE/Textures/Cement_A_NRM.png
  artifactKey: Guid(e8458bbdb96bad8489f99fa159e0a199) Importer(815301076,1909f56bfc062723c751e8b465ee728b)
Start importing Assets/Decrepit Dungeon LITE/Textures/Cement_A_NRM.png using Guid(e8458bbdb96bad8489f99fa159e0a199) Importer(815301076,1909f56bfc062723c751e8b465ee728b)  -> (artifact id: 'd843b95920d0935eb4c2ec7aa5373b95') in 0.014188 seconds 
========================================================================
Received Import Request.
  Time since last request: 0.000026 seconds.
  path: Assets/Decrepit Dungeon LITE/Textures/Wax_A.png
  artifactKey: Guid(111fe10943f311b4cbb88a72bad46edc) Importer(815301076,1909f56bfc062723c751e8b465ee728b)
Start importing Assets/Decrepit Dungeon LITE/Textures/Wax_A.png using Guid(111fe10943f311b4cbb88a72bad46edc) Importer(815301076,1909f56bfc062723c751e8b465ee728b)  -> (artifact id: '2e2807823edab476e7410858cb83eeee') in 0.013993 seconds 
========================================================================
Received Import Request.
  Time since last request: 0.000024 seconds.
  path: Assets/Decrepit Dungeon LITE/Textures/Hay_D_NRM.png
  artifactKey: Guid(3ce0e0a9c35afa64996a6ad0ce4de363) Importer(815301076,1909f56bfc062723c751e8b465ee728b)
Start importing Assets/Decrepit Dungeon LITE/Textures/Hay_D_NRM.png using Guid(3ce0e0a9c35afa64996a6ad0ce4de363) Importer(815301076,1909f56bfc062723c751e8b465ee728b)  -> (artifact id: 'b2edfca9f2d4f114940bd5d247dabd46') in 0.012982 seconds 
========================================================================
Received Import Request.
  Time since last request: 0.000040 seconds.
  path: Assets/Decrepit Dungeon LITE/Textures/Hay_A.png
  artifactKey: Guid(e8feeebb3b139af47b47a3d3af208987) Importer(815301076,1909f56bfc062723c751e8b465ee728b)
Start importing Assets/Decrepit Dungeon LITE/Textures/Hay_A.png using Guid(e8feeebb3b139af47b47a3d3af208987) Importer(815301076,1909f56bfc062723c751e8b465ee728b)  -> (artifact id: '627e4e7a11935788351f6e8328c5668c') in 0.013603 seconds 
========================================================================
Received Import Request.
  Time since last request: 0.000030 seconds.
  path: Assets/Decrepit Dungeon LITE/Textures/Wax_B_NRM.png
  artifactKey: Guid(b782e0022b222394a9810d0c332acd00) Importer(815301076,1909f56bfc062723c751e8b465ee728b)
Start importing Assets/Decrepit Dungeon LITE/Textures/Wax_B_NRM.png using Guid(b782e0022b222394a9810d0c332acd00) Importer(815301076,1909f56bfc062723c751e8b465ee728b)  -> (artifact id: 'ff1d9a28e118f9e8ce703569c2de24b8') in 0.013205 seconds 
========================================================================
Received Import Request.
  Time since last request: 0.000029 seconds.
  path: Assets/Decrepit Dungeon LITE/Textures/Wood_C.png
  artifactKey: Guid(a63065d7e679b6049a9f3a54c3e874e1) Importer(815301076,1909f56bfc062723c751e8b465ee728b)
Start importing Assets/Decrepit Dungeon LITE/Textures/Wood_C.png using Guid(a63065d7e679b6049a9f3a54c3e874e1) Importer(815301076,1909f56bfc062723c751e8b465ee728b)  -> (artifact id: '7a3bec5130c9dcedabc5b7d7fe565e89') in 0.012330 seconds 
========================================================================
Received Import Request.
  Time since last request: 0.000021 seconds.
  path: Assets/Decrepit Dungeon LITE/Textures/Metal_B.png
  artifactKey: Guid(501824c1283d15149ae54440847ebab7) Importer(815301076,1909f56bfc062723c751e8b465ee728b)
Start importing Assets/Decrepit Dungeon LITE/Textures/Metal_B.png using Guid(501824c1283d15149ae54440847ebab7) Importer(815301076,1909f56bfc062723c751e8b465ee728b)  -> (artifact id: '8518374d88e56cc965fd4fdebe347267') in 0.013047 seconds 
========================================================================
Received Import Request.
  Time since last request: 0.000020 seconds.
  path: Assets/Decrepit Dungeon LITE/Textures/Detail_NRM.png
  artifactKey: Guid(1de2dd8c03fbd294d841468e9a90d55a) Importer(815301076,1909f56bfc062723c751e8b465ee728b)
Start importing Assets/Decrepit Dungeon LITE/Textures/Detail_NRM.png using Guid(1de2dd8c03fbd294d841468e9a90d55a) Importer(815301076,1909f56bfc062723c751e8b465ee728b)  -> (artifact id: 'c59abcbe40116a6f7043df512f8fc75e') in 0.014284 seconds 
========================================================================
Received Import Request.
  Time since last request: 0.000023 seconds.
  path: Assets/Decrepit Dungeon LITE/Textures/Metal_A_NRM.png
  artifactKey: Guid(8a9ea71e2205a3840a0b70323f63455f) Importer(815301076,1909f56bfc062723c751e8b465ee728b)
Start importing Assets/Decrepit Dungeon LITE/Textures/Metal_A_NRM.png using Guid(8a9ea71e2205a3840a0b70323f63455f) Importer(815301076,1909f56bfc062723c751e8b465ee728b)  -> (artifact id: '0678831f98c55f56106c8d353aefa7f9') in 0.013739 seconds 
========================================================================
Received Import Request.
  Time since last request: 0.000030 seconds.
  path: Assets/Decrepit Dungeon LITE/Textures/Cement_B.png
  artifactKey: Guid(31560fb5c67b7284e9e41df740b8cb1b) Importer(815301076,1909f56bfc062723c751e8b465ee728b)
Start importing Assets/Decrepit Dungeon LITE/Textures/Cement_B.png using Guid(31560fb5c67b7284e9e41df740b8cb1b) Importer(815301076,1909f56bfc062723c751e8b465ee728b)  -> (artifact id: '345b8fa6e5caccccd43e1c0b05af666c') in 0.012464 seconds 
========================================================================
Received Import Request.
  Time since last request: 0.000020 seconds.
  path: Assets/Decrepit Dungeon LITE/Textures/Wax_A_NRM.png
  artifactKey: Guid(4e4ae4162b2098d4cbb52caffe3b4a63) Importer(815301076,1909f56bfc062723c751e8b465ee728b)
Start importing Assets/Decrepit Dungeon LITE/Textures/Wax_A_NRM.png using Guid(4e4ae4162b2098d4cbb52caffe3b4a63) Importer(815301076,1909f56bfc062723c751e8b465ee728b)  -> (artifact id: '93ffadc9dc1a30a51ca860d04b3af774') in 0.014129 seconds 
========================================================================
Received Import Request.
  Time since last request: 0.000021 seconds.
  path: Assets/Decrepit Dungeon LITE/Textures/Metal_B_NRM.png
  artifactKey: Guid(77bfae395c836d04087e2b812e041cfd) Importer(815301076,1909f56bfc062723c751e8b465ee728b)
Start importing Assets/Decrepit Dungeon LITE/Textures/Metal_B_NRM.png using Guid(77bfae395c836d04087e2b812e041cfd) Importer(815301076,1909f56bfc062723c751e8b465ee728b)  -> (artifact id: '2576cc799067877b2768d8e12d86d0f6') in 0.013020 seconds 
========================================================================
Received Import Request.
  Time since last request: 0.000028 seconds.
  path: Assets/Decrepit Dungeon LITE/Textures/Hay_B.png
  artifactKey: Guid(758519deeaf793440a5146109af38a71) Importer(815301076,1909f56bfc062723c751e8b465ee728b)
Start importing Assets/Decrepit Dungeon LITE/Textures/Hay_B.png using Guid(758519deeaf793440a5146109af38a71) Importer(815301076,1909f56bfc062723c751e8b465ee728b)  -> (artifact id: '8b03332da4dafb4bc44eb9448620f920') in 0.012287 seconds 
Editor requested this worker to shutdown with reason: Scaling down because of idle timeout
AssetImportWorker is now disconnected from the server
Process exiting
Exiting without the bug reporter. Application will terminate with return code 0