Using pre-set license
Built from '2021.3/staging' branch; Version is '2021.3.11f1 (0a5ca18544bf) revision 679073'; Using compiler version '192829333'; Build Type 'Release'
OS: 'Windows 10  (10.0.19045) 64bit Core' Language: 'pl' Physical Memory: 16293 MB
BatchMode: 1, IsHumanControllingUs: 0, StartBugReporterOnCrash: 0, Is64bit: 1, IsPro: 1

COMMAND LINE ARGUMENTS:
C:\Program Files\Unity\Hub\Editor\2021.3.11f1\Editor\Unity.exe
-adb2
-batchMode
-noUpm
-name
AssetImportWorker8
-projectPath
D:/Kingston/Year 3/FYP/FYP(Git)/FYP
-logFile
Logs/AssetImportWorker8.log
-srvPort
59684
Successfully changed project path to: D:/Kingston/Year 3/FYP/FYP(Git)/FYP
D:/Kingston/Year 3/FYP/FYP(Git)/FYP
[UnityMemory] Configuration Parameters - Can be set up in boot.config
    "memorysetup-bucket-allocator-granularity=16"
    "memorysetup-bucket-allocator-bucket-count=8"
    "memorysetup-bucket-allocator-block-size=33554432"
    "memorysetup-bucket-allocator-block-count=8"
    "memorysetup-main-allocator-block-size=16777216"
    "memorysetup-thread-allocator-block-size=16777216"
    "memorysetup-gfx-main-allocator-block-size=16777216"
    "memorysetup-gfx-thread-allocator-block-size=16777216"
    "memorysetup-cache-allocator-block-size=4194304"
    "memorysetup-typetree-allocator-block-size=2097152"
    "memorysetup-profiler-bucket-allocator-granularity=16"
    "memorysetup-profiler-bucket-allocator-bucket-count=8"
    "memorysetup-profiler-bucket-allocator-block-size=33554432"
    "memorysetup-profiler-bucket-allocator-block-count=8"
    "memorysetup-profiler-allocator-block-size=16777216"
    "memorysetup-profiler-editor-allocator-block-size=1048576"
    "memorysetup-temp-allocator-size-main=16777216"
    "memorysetup-job-temp-allocator-block-size=2097152"
    "memorysetup-job-temp-allocator-block-size-background=1048576"
    "memorysetup-job-temp-allocator-reduction-small-platforms=262144"
    "memorysetup-temp-allocator-size-background-worker=32768"
    "memorysetup-temp-allocator-size-job-worker=262144"
    "memorysetup-temp-allocator-size-preload-manager=33554432"
    "memorysetup-temp-allocator-size-nav-mesh-worker=65536"
    "memorysetup-temp-allocator-size-audio-worker=65536"
    "memorysetup-temp-allocator-size-cloud-worker=32768"
    "memorysetup-temp-allocator-size-gi-baking-worker=262144"
    "memorysetup-temp-allocator-size-gfx=262144"
Refreshing native plugins compatible for Editor in 107.34 ms, found 3 plugins.
Preloading 0 native plugins for Editor in 0.00 ms.
Initialize engine version: 2021.3.11f1 (0a5ca18544bf)
[Subsystems] Discovering subsystems at path C:/Program Files/Unity/Hub/Editor/2021.3.11f1/Editor/Data/Resources/UnitySubsystems
[Subsystems] Discovering subsystems at path D:/Kingston/Year 3/FYP/FYP(Git)/FYP/Assets
GfxDevice: creating device client; threaded=0; jobified=0
Direct3D:
    Version:  Direct3D 11.0 [level 11.1]
    Renderer: NVIDIA GeForce RTX 3070 (ID=0x2484)
    Vendor:   NVIDIA
    VRAM:     8031 MB
    Driver:   31.0.15.3129
Initialize mono
Mono path[0] = 'C:/Program Files/Unity/Hub/Editor/2021.3.11f1/Editor/Data/Managed'
Mono path[1] = 'C:/Program Files/Unity/Hub/Editor/2021.3.11f1/Editor/Data/MonoBleedingEdge/lib/mono/unityjit-win32'
Mono config path = 'C:/Program Files/Unity/Hub/Editor/2021.3.11f1/Editor/Data/MonoBleedingEdge/etc'
Using monoOptions --debugger-agent=transport=dt_socket,embedding=1,server=y,suspend=n,address=127.0.0.1:56032
Begin MonoManager ReloadAssembly
Registering precompiled unity dll's ...
Register platform support module: C:/Program Files/Unity/Hub/Editor/2021.3.11f1/Editor/Data/PlaybackEngines/WebGLSupport/UnityEditor.WebGL.Extensions.dll
Register platform support module: C:/Program Files/Unity/Hub/Editor/2021.3.11f1/Editor/Data/PlaybackEngines/AndroidPlayer/UnityEditor.Android.Extensions.dll
Register platform support module: C:/Program Files/Unity/Hub/Editor/2021.3.11f1/Editor/Data/PlaybackEngines/iOSSupport/UnityEditor.iOS.Extensions.dll
Register platform support module: C:/Program Files/Unity/Hub/Editor/2021.3.11f1/Editor/Data/PlaybackEngines/WindowsStandaloneSupport/UnityEditor.WindowsStandalone.Extensions.dll
Register platform support module: C:/Program Files/Unity/Hub/Editor/2021.3.11f1/Editor/Data/PlaybackEngines/MetroSupport/UnityEditor.UWP.Extensions.dll
Registered in 0.009382 seconds.
Native extension for UWP target not found
Native extension for WindowsStandalone target not found
[usbmuxd] Start listen thread
[usbmuxd] Listen thread started
Native extension for iOS target not found
Native extension for Android target not found
Native extension for WebGL target not found
Refreshing native plugins compatible for Editor in 95.01 ms, found 3 plugins.
Preloading 0 native plugins for Editor in 0.00 ms.
Mono: successfully reloaded assembly
- Completed reload, in  0.599 seconds
Domain Reload Profiling:
	ReloadAssembly (600ms)
		BeginReloadAssembly (61ms)
			ExecutionOrderSort (0ms)
			DisableScriptedObjects (0ms)
			BackupInstance (0ms)
			ReleaseScriptingObjects (0ms)
			CreateAndSetChildDomain (1ms)
		EndReloadAssembly (442ms)
			LoadAssemblies (60ms)
			RebuildTransferFunctionScriptingTraits (0ms)
			SetupTypeCache (98ms)
			ReleaseScriptCaches (0ms)
			RebuildScriptCaches (23ms)
			SetupLoadedEditorAssemblies (274ms)
				LogAssemblyErrors (0ms)
				InitializePlatformSupportModulesInManaged (57ms)
				SetLoadedEditorAssemblies (0ms)
				RefreshPlugins (95ms)
				BeforeProcessingInitializeOnLoad (1ms)
				ProcessInitializeOnLoadAttributes (82ms)
				ProcessInitializeOnLoadMethodAttributes (38ms)
				AfterProcessingInitializeOnLoad (0ms)
				EditorAssembliesLoaded (0ms)
			ExecutionOrderSort2 (0ms)
			AwakeInstancesAfterBackupRestoration (0ms)
Platform modules already initialized, skipping
Registering precompiled user dll's ...
Registered in 0.005598 seconds.
Begin MonoManager ReloadAssembly
Symbol file LoadedFromMemory doesn't match image D:\Kingston\Year 3\FYP\FYP(Git)\FYP\Library\PackageCache\com.unity.visualscripting@1.7.8\Editor\VisualScripting.Core\Dependencies\YamlDotNet\Unity.VisualScripting.YamlDotNet.dll
Symbol file LoadedFromMemory doesn't match image D:\Kingston\Year 3\FYP\FYP(Git)\FYP\Library\PackageCache\com.unity.visualscripting@1.7.8\Editor\VisualScripting.Core\Dependencies\DotNetZip\Unity.VisualScripting.IonicZip.dll
Native extension for UWP target not found
Native extension for WindowsStandalone target not found
Native extension for iOS target not found
Native extension for Android target not found
Native extension for WebGL target not found
Refreshing native plugins compatible for Editor in 96.85 ms, found 3 plugins.
Preloading 0 native plugins for Editor in 0.00 ms.
Mono: successfully reloaded assembly
- Completed reload, in  1.310 seconds
Domain Reload Profiling:
	ReloadAssembly (1311ms)
		BeginReloadAssembly (193ms)
			ExecutionOrderSort (0ms)
			DisableScriptedObjects (5ms)
			BackupInstance (0ms)
			ReleaseScriptingObjects (0ms)
			CreateAndSetChildDomain (116ms)
		EndReloadAssembly (1016ms)
			LoadAssemblies (80ms)
			RebuildTransferFunctionScriptingTraits (0ms)
			SetupTypeCache (277ms)
			ReleaseScriptCaches (1ms)
			RebuildScriptCaches (58ms)
			SetupLoadedEditorAssemblies (564ms)
				LogAssemblyErrors (0ms)
				InitializePlatformSupportModulesInManaged (23ms)
				SetLoadedEditorAssemblies (0ms)
				RefreshPlugins (97ms)
				BeforeProcessingInitializeOnLoad (104ms)
				ProcessInitializeOnLoadAttributes (258ms)
				ProcessInitializeOnLoadMethodAttributes (74ms)
				AfterProcessingInitializeOnLoad (8ms)
				EditorAssembliesLoaded (0ms)
			ExecutionOrderSort2 (0ms)
			AwakeInstancesAfterBackupRestoration (5ms)
Platform modules already initialized, skipping
========================================================================
Worker process is ready to serve import requests
Launched and connected shader compiler UnityShaderCompiler.exe after 0.03 seconds
Refreshing native plugins compatible for Editor in 0.75 ms, found 3 plugins.
Preloading 0 native plugins for Editor in 0.00 ms.
Unloading 5768 Unused Serialized files (Serialized files now loaded: 0)
Unloading 49 unused Assets / (0.8 MB). Loaded Objects now: 6224.
Memory consumption went from 229.7 MB to 228.9 MB.
Total: 3.216900 ms (FindLiveObjects: 0.383800 ms CreateObjectMapping: 0.354300 ms MarkObjects: 2.202600 ms  DeleteObjects: 0.275600 ms)

AssetImportParameters requested are different than current active one (requested -> active):
  custom:video-decoder-ogg-theora: a1e56fd34408186e4bbccfd4996cb3dc -> 
  custom:container-muxer-webm: aa71ff27fc2769a1b78a27578f13a17b -> 
  custom:container-demuxer-webm: 4f35f7cbe854078d1ac9338744f61a02 -> 
  custom:video-encoder-webm-vp8: eb34c28f22e8b96e1ab97ce403110664 -> 
  custom:audio-encoder-webm-vorbis: bf7c407c2cedff20999df2af8eb42d56 -> 
  custom:framework-win-MediaFoundation: 216162199b28c13a410421893ffa2e32 -> 
  custom:container-demuxer-ogg: 62fdf1f143b41e24485cea50d1cbac27 -> 
  custom:video-decoder-webm-vp8: 9c59270c3fd7afecdb556c50c9e8de78 -> 
  custom:audio-decoder-ogg-vorbis: bf7c407c2cedff20999df2af8eb42d56 -> 
========================================================================
Received Import Request.
  Time since last request: 7370.326695 seconds.
  path: Assets/Decrepit Dungeon LITE/Textures
  artifactKey: Guid(a959991a936f5e6438ca4bd7a9ecebdf) Importer(815301076,1909f56bfc062723c751e8b465ee728b)
Start importing Assets/Decrepit Dungeon LITE/Textures using Guid(a959991a936f5e6438ca4bd7a9ecebdf) Importer(815301076,1909f56bfc062723c751e8b465ee728b)  -> (artifact id: '874803453a2f5499a279da68bd11e0f9') in 0.011060 seconds 
========================================================================
Received Import Request.
  Time since last request: 0.040951 seconds.
  path: Assets/Decrepit Dungeon LITE/Textures/Bricks.png
  artifactKey: Guid(80d0f9e3952a7c94dbdb63e6181af161) Importer(815301076,1909f56bfc062723c751e8b465ee728b)
Start importing Assets/Decrepit Dungeon LITE/Textures/Bricks.png using Guid(80d0f9e3952a7c94dbdb63e6181af161) Importer(815301076,1909f56bfc062723c751e8b465ee728b)  -> (artifact id: '23fd5df8846562656eee80b483a0239b') in 0.086094 seconds 
========================================================================
Received Import Request.
  Time since last request: 0.000018 seconds.
  path: Assets/Decrepit Dungeon LITE/Textures/Grunge_A.png
  artifactKey: Guid(72e7d5388f4c13949a549d583adec657) Importer(815301076,1909f56bfc062723c751e8b465ee728b)
Start importing Assets/Decrepit Dungeon LITE/Textures/Grunge_A.png using Guid(72e7d5388f4c13949a549d583adec657) Importer(815301076,1909f56bfc062723c751e8b465ee728b)  -> (artifact id: 'd28d0097d9bd600f255865ea039bdcab') in 0.012638 seconds 
========================================================================
Received Import Request.
  Time since last request: 0.000025 seconds.
  path: Assets/Decrepit Dungeon LITE/Textures/Stone_B_NRM.png
  artifactKey: Guid(8d0d3b71bc4bef848acce59b4635d9e5) Importer(815301076,1909f56bfc062723c751e8b465ee728b)
Start importing Assets/Decrepit Dungeon LITE/Textures/Stone_B_NRM.png using Guid(8d0d3b71bc4bef848acce59b4635d9e5) Importer(815301076,1909f56bfc062723c751e8b465ee728b)  -> (artifact id: '84ffefe4b89353ee70726cc6fe789aab') in 0.034490 seconds 
========================================================================
Received Import Request.
  Time since last request: 0.000026 seconds.
  path: Assets/Decrepit Dungeon LITE/Textures/Metal_A.png
  artifactKey: Guid(458e455e30a8bbc4ab316e64cc8995c3) Importer(815301076,1909f56bfc062723c751e8b465ee728b)
Start importing Assets/Decrepit Dungeon LITE/Textures/Metal_A.png using Guid(458e455e30a8bbc4ab316e64cc8995c3) Importer(815301076,1909f56bfc062723c751e8b465ee728b)  -> (artifact id: '803dfbc98ac9adc30582214d2d417a6e') in 0.011581 seconds 
========================================================================
Received Import Request.
  Time since last request: 0.000024 seconds.
  path: Assets/Decrepit Dungeon LITE/Textures/Grunge_B_NRM.png
  artifactKey: Guid(2c002baead5766949a312dc98a6ccd89) Importer(815301076,1909f56bfc062723c751e8b465ee728b)
Start importing Assets/Decrepit Dungeon LITE/Textures/Grunge_B_NRM.png using Guid(2c002baead5766949a312dc98a6ccd89) Importer(815301076,1909f56bfc062723c751e8b465ee728b)  -> (artifact id: '9fcafa2659166cc1f969cedeca0d15ce') in 0.013031 seconds 
========================================================================
Received Import Request.
  Time since last request: 0.000024 seconds.
  path: Assets/Decrepit Dungeon LITE/Textures/Hay_D.png
  artifactKey: Guid(92ad1be6105745842ae0380d3717ff27) Importer(815301076,1909f56bfc062723c751e8b465ee728b)
Start importing Assets/Decrepit Dungeon LITE/Textures/Hay_D.png using Guid(92ad1be6105745842ae0380d3717ff27) Importer(815301076,1909f56bfc062723c751e8b465ee728b)  -> (artifact id: '829acca586fc67274fa06b049d5d41c4') in 0.011261 seconds 
========================================================================
Received Import Request.
  Time since last request: 0.000035 seconds.
  path: Assets/Decrepit Dungeon LITE/Textures/Grunge_E.png
  artifactKey: Guid(d08e0f1ab81e11247927858148c6ce7b) Importer(815301076,1909f56bfc062723c751e8b465ee728b)
Start importing Assets/Decrepit Dungeon LITE/Textures/Grunge_E.png using Guid(d08e0f1ab81e11247927858148c6ce7b) Importer(815301076,1909f56bfc062723c751e8b465ee728b)  -> (artifact id: '542a4ae707e19d006457bc3830cc20f0') in 0.010883 seconds 
========================================================================
Received Import Request.
  Time since last request: 0.000015 seconds.
  path: Assets/Decrepit Dungeon LITE/Textures/Grunge_C.png
  artifactKey: Guid(5e42e586c9ec99146acdacd21975d5d1) Importer(815301076,1909f56bfc062723c751e8b465ee728b)
Start importing Assets/Decrepit Dungeon LITE/Textures/Grunge_C.png using Guid(5e42e586c9ec99146acdacd21975d5d1) Importer(815301076,1909f56bfc062723c751e8b465ee728b)  -> (artifact id: 'f610535951cd2952b9ee6bbbdd147ad8') in 0.012845 seconds 
========================================================================
Received Import Request.
  Time since last request: 0.000018 seconds.
  path: Assets/Decrepit Dungeon LITE/Textures/Grunge_C_NRM.png
  artifactKey: Guid(d477498a1b4b96945ac0cdac8cd81530) Importer(815301076,1909f56bfc062723c751e8b465ee728b)
Start importing Assets/Decrepit Dungeon LITE/Textures/Grunge_C_NRM.png using Guid(d477498a1b4b96945ac0cdac8cd81530) Importer(815301076,1909f56bfc062723c751e8b465ee728b)  -> (artifact id: '3276cf11ef36e202f4a392446bf0be96') in 0.012934 seconds 
========================================================================
Received Import Request.
  Time since last request: 0.000025 seconds.
  path: Assets/Decrepit Dungeon LITE/Textures/Grunge_D_NRM.png
  artifactKey: Guid(4099fa849ef1fdb4fa93826812dd5617) Importer(815301076,1909f56bfc062723c751e8b465ee728b)
Start importing Assets/Decrepit Dungeon LITE/Textures/Grunge_D_NRM.png using Guid(4099fa849ef1fdb4fa93826812dd5617) Importer(815301076,1909f56bfc062723c751e8b465ee728b)  -> (artifact id: '273821c195f23b62317c4cc02073fe4a') in 0.013854 seconds 
========================================================================
Received Import Request.
  Time since last request: 0.000016 seconds.
  path: Assets/Decrepit Dungeon LITE/Textures/Cement_B_NRM.png
  artifactKey: Guid(23125a51be1a15c45b06228cd65a8e1a) Importer(815301076,1909f56bfc062723c751e8b465ee728b)
Start importing Assets/Decrepit Dungeon LITE/Textures/Cement_B_NRM.png using Guid(23125a51be1a15c45b06228cd65a8e1a) Importer(815301076,1909f56bfc062723c751e8b465ee728b)  -> (artifact id: '3dbb924f1efedeee09caef6c06746541') in 0.014765 seconds 
========================================================================
Received Import Request.
  Time since last request: 0.000033 seconds.
  path: Assets/Decrepit Dungeon LITE/Textures/Grunge_F_NRM.png
  artifactKey: Guid(191392dc7fbc6f04092fdfb7dca59dde) Importer(815301076,1909f56bfc062723c751e8b465ee728b)
Start importing Assets/Decrepit Dungeon LITE/Textures/Grunge_F_NRM.png using Guid(191392dc7fbc6f04092fdfb7dca59dde) Importer(815301076,1909f56bfc062723c751e8b465ee728b)  -> (artifact id: '661b93e01d848a7f747d1d88da9f67c0') in 0.012446 seconds 
========================================================================
Received Import Request.
  Time since last request: 0.000029 seconds.
  path: Assets/Decrepit Dungeon LITE/Textures/Hay_A_NRM.png
  artifactKey: Guid(0eca23d9f459c52459c4c702656fff64) Importer(815301076,1909f56bfc062723c751e8b465ee728b)
Start importing Assets/Decrepit Dungeon LITE/Textures/Hay_A_NRM.png using Guid(0eca23d9f459c52459c4c702656fff64) Importer(815301076,1909f56bfc062723c751e8b465ee728b)  -> (artifact id: '318fe712d629417ba50b213eff4ebf83') in 0.015958 seconds 
========================================================================
Received Import Request.
  Time since last request: 0.000017 seconds.
  path: Assets/Decrepit Dungeon LITE/Textures/Wood_A_NRM.png
  artifactKey: Guid(4134f543f1d0490458dca70516e12ab6) Importer(815301076,1909f56bfc062723c751e8b465ee728b)
Start importing Assets/Decrepit Dungeon LITE/Textures/Wood_A_NRM.png using Guid(4134f543f1d0490458dca70516e12ab6) Importer(815301076,1909f56bfc062723c751e8b465ee728b)  -> (artifact id: '5d54898944a5efe5f4f30e4b688d0ed7') in 0.011725 seconds 
========================================================================
Received Import Request.
  Time since last request: 0.000022 seconds.
  path: Assets/Decrepit Dungeon LITE/Textures/Wood_B_NRM.png
  artifactKey: Guid(ea19f14b64598b54a91950adc076f3c7) Importer(815301076,1909f56bfc062723c751e8b465ee728b)
Start importing Assets/Decrepit Dungeon LITE/Textures/Wood_B_NRM.png using Guid(ea19f14b64598b54a91950adc076f3c7) Importer(815301076,1909f56bfc062723c751e8b465ee728b)  -> (artifact id: 'a9a1b99270fa7f912f94b914d67bf1f1') in 0.014890 seconds 
========================================================================
Received Import Request.
  Time since last request: 0.000026 seconds.
  path: Assets/Decrepit Dungeon LITE/Textures/Hay_B_NRM.png
  artifactKey: Guid(986815ea9fadb7c44ab0f2b27012235c) Importer(815301076,1909f56bfc062723c751e8b465ee728b)
Start importing Assets/Decrepit Dungeon LITE/Textures/Hay_B_NRM.png using Guid(986815ea9fadb7c44ab0f2b27012235c) Importer(815301076,1909f56bfc062723c751e8b465ee728b)  -> (artifact id: '0af0714921c019077790d00d82300c86') in 0.012118 seconds 
========================================================================
Received Import Request.
  Time since last request: 0.000021 seconds.
  path: Assets/Decrepit Dungeon LITE/Textures/Grunge_F.png
  artifactKey: Guid(80550e756c72f0e4e82c82f16ab7ddc8) Importer(815301076,1909f56bfc062723c751e8b465ee728b)
Start importing Assets/Decrepit Dungeon LITE/Textures/Grunge_F.png using Guid(80550e756c72f0e4e82c82f16ab7ddc8) Importer(815301076,1909f56bfc062723c751e8b465ee728b)  -> (artifact id: '6843dd17cbd08ccb7e70bbc17fe21695') in 0.011703 seconds 
========================================================================
Received Import Request.
  Time since last request: 0.000034 seconds.
  path: Assets/Decrepit Dungeon LITE/Textures/Grunge_A_NRM.png
  artifactKey: Guid(388e444b54ab3f54090e4f3fc8b23caa) Importer(815301076,1909f56bfc062723c751e8b465ee728b)
Start importing Assets/Decrepit Dungeon LITE/Textures/Grunge_A_NRM.png using Guid(388e444b54ab3f54090e4f3fc8b23caa) Importer(815301076,1909f56bfc062723c751e8b465ee728b)  -> (artifact id: '9f39282a7d22299301630c5437a97d99') in 0.013391 seconds 
========================================================================
Received Import Request.
  Time since last request: 0.000020 seconds.
  path: Assets/Decrepit Dungeon LITE/Textures/Wood_A.png
  artifactKey: Guid(64c10627d1c6837449a645484a28fce9) Importer(815301076,1909f56bfc062723c751e8b465ee728b)
Start importing Assets/Decrepit Dungeon LITE/Textures/Wood_A.png using Guid(64c10627d1c6837449a645484a28fce9) Importer(815301076,1909f56bfc062723c751e8b465ee728b)  -> (artifact id: '64e7fdc4c600fdb6a779e3dec4f1b8db') in 0.013069 seconds 
========================================================================
Received Import Request.
  Time since last request: 0.000020 seconds.
  path: Assets/Decrepit Dungeon LITE/Textures/Hay_C_NRM.png
  artifactKey: Guid(fe19af5b55dca5340835377137a75a03) Importer(815301076,1909f56bfc062723c751e8b465ee728b)
Start importing Assets/Decrepit Dungeon LITE/Textures/Hay_C_NRM.png using Guid(fe19af5b55dca5340835377137a75a03) Importer(815301076,1909f56bfc062723c751e8b465ee728b)  -> (artifact id: '3638a901148d84ea43fe27c090d9e2ff') in 0.015102 seconds 
========================================================================
Received Import Request.
  Time since last request: 0.000017 seconds.
  path: Assets/Decrepit Dungeon LITE/Textures/Stone_A_NRM.png
  artifactKey: Guid(f18f4683c66594a4390cc3480abc9bb0) Importer(815301076,1909f56bfc062723c751e8b465ee728b)
Start importing Assets/Decrepit Dungeon LITE/Textures/Stone_A_NRM.png using Guid(f18f4683c66594a4390cc3480abc9bb0) Importer(815301076,1909f56bfc062723c751e8b465ee728b)  -> (artifact id: '8fbb4b0a44aafdc0f88db9c4168c5d44') in 0.014152 seconds 
========================================================================
Received Import Request.
  Time since last request: 0.000024 seconds.
  path: Assets/Decrepit Dungeon LITE/Textures/Grunge_E_NRM.png
  artifactKey: Guid(199755e6ba5c3ee4cb26fee7d892bf50) Importer(815301076,1909f56bfc062723c751e8b465ee728b)
Start importing Assets/Decrepit Dungeon LITE/Textures/Grunge_E_NRM.png using Guid(199755e6ba5c3ee4cb26fee7d892bf50) Importer(815301076,1909f56bfc062723c751e8b465ee728b)  -> (artifact id: 'faefd4e9386a9afb6fa1e20358cf7238') in 0.014086 seconds 
========================================================================
Received Import Request.
  Time since last request: 0.000027 seconds.
  path: Assets/Decrepit Dungeon LITE/Textures/Flame.jpg
  artifactKey: Guid(088442d18ac9f9c499308452f62d7bd8) Importer(815301076,1909f56bfc062723c751e8b465ee728b)
Start importing Assets/Decrepit Dungeon LITE/Textures/Flame.jpg using Guid(088442d18ac9f9c499308452f62d7bd8) Importer(815301076,1909f56bfc062723c751e8b465ee728b)  -> (artifact id: '90ca558359d45470544a4dda1902bd67') in 0.013827 seconds 
========================================================================
Received Import Request.
  Time since last request: 3.110055 seconds.
  path: Assets/Decrepit Dungeon LITE/EXAMPLE
  artifactKey: Guid(c1a6690405401aa4fa5a5c4a5e0ac178) Importer(815301076,1909f56bfc062723c751e8b465ee728b)
Start importing Assets/Decrepit Dungeon LITE/EXAMPLE using Guid(c1a6690405401aa4fa5a5c4a5e0ac178) Importer(815301076,1909f56bfc062723c751e8b465ee728b)  -> (artifact id: '933a85a1d3777a282c0479dbe32a7d38') in 0.005213 seconds 
Editor requested this worker to shutdown with reason: Scaling down because of idle timeout
AssetImportWorker is now disconnected from the server
Process exiting
Exiting without the bug reporter. Application will terminate with return code 0