Using pre-set license
Built from '2021.3/staging' branch; Version is '2021.3.11f1 (0a5ca18544bf) revision 679073'; Using compiler version '192829333'; Build Type 'Release'
OS: 'Windows 10  (10.0.19045) 64bit Core' Language: 'pl' Physical Memory: 16293 MB
BatchMode: 1, IsHumanControllingUs: 0, StartBugReporterOnCrash: 0, Is64bit: 1, IsPro: 1

COMMAND LINE ARGUMENTS:
C:\Program Files\Unity\Hub\Editor\2021.3.11f1\Editor\Unity.exe
-adb2
-batchMode
-noUpm
-name
AssetImportWorker11
-projectPath
D:/Kingston/Year 3/FYP/FYP(Git)/FYP
-logFile
Logs/AssetImportWorker11.log
-srvPort
59684
Successfully changed project path to: D:/Kingston/Year 3/FYP/FYP(Git)/FYP
D:/Kingston/Year 3/FYP/FYP(Git)/FYP
[UnityMemory] Configuration Parameters - Can be set up in boot.config
    "memorysetup-bucket-allocator-granularity=16"
    "memorysetup-bucket-allocator-bucket-count=8"
    "memorysetup-bucket-allocator-block-size=33554432"
    "memorysetup-bucket-allocator-block-count=8"
    "memorysetup-main-allocator-block-size=16777216"
    "memorysetup-thread-allocator-block-size=16777216"
    "memorysetup-gfx-main-allocator-block-size=16777216"
    "memorysetup-gfx-thread-allocator-block-size=16777216"
    "memorysetup-cache-allocator-block-size=4194304"
    "memorysetup-typetree-allocator-block-size=2097152"
    "memorysetup-profiler-bucket-allocator-granularity=16"
    "memorysetup-profiler-bucket-allocator-bucket-count=8"
    "memorysetup-profiler-bucket-allocator-block-size=33554432"
    "memorysetup-profiler-bucket-allocator-block-count=8"
    "memorysetup-profiler-allocator-block-size=16777216"
    "memorysetup-profiler-editor-allocator-block-size=1048576"
    "memorysetup-temp-allocator-size-main=16777216"
    "memorysetup-job-temp-allocator-block-size=2097152"
    "memorysetup-job-temp-allocator-block-size-background=1048576"
    "memorysetup-job-temp-allocator-reduction-small-platforms=262144"
    "memorysetup-temp-allocator-size-background-worker=32768"
    "memorysetup-temp-allocator-size-job-worker=262144"
    "memorysetup-temp-allocator-size-preload-manager=33554432"
    "memorysetup-temp-allocator-size-nav-mesh-worker=65536"
    "memorysetup-temp-allocator-size-audio-worker=65536"
    "memorysetup-temp-allocator-size-cloud-worker=32768"
    "memorysetup-temp-allocator-size-gi-baking-worker=262144"
    "memorysetup-temp-allocator-size-gfx=262144"
Refreshing native plugins compatible for Editor in 105.21 ms, found 3 plugins.
Preloading 0 native plugins for Editor in 0.00 ms.
Initialize engine version: 2021.3.11f1 (0a5ca18544bf)
[Subsystems] Discovering subsystems at path C:/Program Files/Unity/Hub/Editor/2021.3.11f1/Editor/Data/Resources/UnitySubsystems
[Subsystems] Discovering subsystems at path D:/Kingston/Year 3/FYP/FYP(Git)/FYP/Assets
GfxDevice: creating device client; threaded=0; jobified=0
Direct3D:
    Version:  Direct3D 11.0 [level 11.1]
    Renderer: NVIDIA GeForce RTX 3070 (ID=0x2484)
    Vendor:   NVIDIA
    VRAM:     8031 MB
    Driver:   31.0.15.3129
Initialize mono
Mono path[0] = 'C:/Program Files/Unity/Hub/Editor/2021.3.11f1/Editor/Data/Managed'
Mono path[1] = 'C:/Program Files/Unity/Hub/Editor/2021.3.11f1/Editor/Data/MonoBleedingEdge/lib/mono/unityjit-win32'
Mono config path = 'C:/Program Files/Unity/Hub/Editor/2021.3.11f1/Editor/Data/MonoBleedingEdge/etc'
Using monoOptions --debugger-agent=transport=dt_socket,embedding=1,server=y,suspend=n,address=127.0.0.1:56224
Begin MonoManager ReloadAssembly
Registering precompiled unity dll's ...
Register platform support module: C:/Program Files/Unity/Hub/Editor/2021.3.11f1/Editor/Data/PlaybackEngines/WebGLSupport/UnityEditor.WebGL.Extensions.dll
Register platform support module: C:/Program Files/Unity/Hub/Editor/2021.3.11f1/Editor/Data/PlaybackEngines/AndroidPlayer/UnityEditor.Android.Extensions.dll
Register platform support module: C:/Program Files/Unity/Hub/Editor/2021.3.11f1/Editor/Data/PlaybackEngines/iOSSupport/UnityEditor.iOS.Extensions.dll
Register platform support module: C:/Program Files/Unity/Hub/Editor/2021.3.11f1/Editor/Data/PlaybackEngines/WindowsStandaloneSupport/UnityEditor.WindowsStandalone.Extensions.dll
Register platform support module: C:/Program Files/Unity/Hub/Editor/2021.3.11f1/Editor/Data/PlaybackEngines/MetroSupport/UnityEditor.UWP.Extensions.dll
Registered in 0.010139 seconds.
Native extension for UWP target not found
Native extension for WindowsStandalone target not found
[usbmuxd] Start listen thread
[usbmuxd] Listen thread started
Native extension for iOS target not found
Native extension for Android target not found
Native extension for WebGL target not found
Refreshing native plugins compatible for Editor in 95.02 ms, found 3 plugins.
Preloading 0 native plugins for Editor in 0.00 ms.
Mono: successfully reloaded assembly
- Completed reload, in  0.601 seconds
Domain Reload Profiling:
	ReloadAssembly (601ms)
		BeginReloadAssembly (64ms)
			ExecutionOrderSort (0ms)
			DisableScriptedObjects (0ms)
			BackupInstance (0ms)
			ReleaseScriptingObjects (0ms)
			CreateAndSetChildDomain (1ms)
		EndReloadAssembly (439ms)
			LoadAssemblies (62ms)
			RebuildTransferFunctionScriptingTraits (0ms)
			SetupTypeCache (95ms)
			ReleaseScriptCaches (0ms)
			RebuildScriptCaches (23ms)
			SetupLoadedEditorAssemblies (276ms)
				LogAssemblyErrors (0ms)
				InitializePlatformSupportModulesInManaged (59ms)
				SetLoadedEditorAssemblies (0ms)
				RefreshPlugins (95ms)
				BeforeProcessingInitializeOnLoad (1ms)
				ProcessInitializeOnLoadAttributes (82ms)
				ProcessInitializeOnLoadMethodAttributes (38ms)
				AfterProcessingInitializeOnLoad (0ms)
				EditorAssembliesLoaded (0ms)
			ExecutionOrderSort2 (0ms)
			AwakeInstancesAfterBackupRestoration (0ms)
Platform modules already initialized, skipping
Registering precompiled user dll's ...
Registered in 0.005636 seconds.
Begin MonoManager ReloadAssembly
Symbol file LoadedFromMemory doesn't match image D:\Kingston\Year 3\FYP\FYP(Git)\FYP\Library\PackageCache\com.unity.visualscripting@1.7.8\Editor\VisualScripting.Core\Dependencies\YamlDotNet\Unity.VisualScripting.YamlDotNet.dll
Symbol file LoadedFromMemory doesn't match image D:\Kingston\Year 3\FYP\FYP(Git)\FYP\Library\PackageCache\com.unity.visualscripting@1.7.8\Editor\VisualScripting.Core\Dependencies\DotNetZip\Unity.VisualScripting.IonicZip.dll
Native extension for UWP target not found
Native extension for WindowsStandalone target not found
Native extension for iOS target not found
Native extension for Android target not found
Native extension for WebGL target not found
Refreshing native plugins compatible for Editor in 101.55 ms, found 3 plugins.
Preloading 0 native plugins for Editor in 0.00 ms.
Mono: successfully reloaded assembly
- Completed reload, in  1.351 seconds
Domain Reload Profiling:
	ReloadAssembly (1352ms)
		BeginReloadAssembly (223ms)
			ExecutionOrderSort (0ms)
			DisableScriptedObjects (5ms)
			BackupInstance (0ms)
			ReleaseScriptingObjects (0ms)
			CreateAndSetChildDomain (119ms)
		EndReloadAssembly (1027ms)
			LoadAssemblies (89ms)
			RebuildTransferFunctionScriptingTraits (0ms)
			SetupTypeCache (281ms)
			ReleaseScriptCaches (1ms)
			RebuildScriptCaches (58ms)
			SetupLoadedEditorAssemblies (564ms)
				LogAssemblyErrors (0ms)
				InitializePlatformSupportModulesInManaged (22ms)
				SetLoadedEditorAssemblies (0ms)
				RefreshPlugins (102ms)
				BeforeProcessingInitializeOnLoad (104ms)
				ProcessInitializeOnLoadAttributes (252ms)
				ProcessInitializeOnLoadMethodAttributes (75ms)
				AfterProcessingInitializeOnLoad (9ms)
				EditorAssembliesLoaded (0ms)
			ExecutionOrderSort2 (0ms)
			AwakeInstancesAfterBackupRestoration (5ms)
Platform modules already initialized, skipping
========================================================================
Worker process is ready to serve import requests
Launched and connected shader compiler UnityShaderCompiler.exe after 0.03 seconds
Refreshing native plugins compatible for Editor in 0.80 ms, found 3 plugins.
Preloading 0 native plugins for Editor in 0.00 ms.
Unloading 5768 Unused Serialized files (Serialized files now loaded: 0)
Unloading 49 unused Assets / (0.8 MB). Loaded Objects now: 6224.
Memory consumption went from 229.7 MB to 228.9 MB.
Total: 3.265700 ms (FindLiveObjects: 0.385600 ms CreateObjectMapping: 0.344400 ms MarkObjects: 2.248200 ms  DeleteObjects: 0.287000 ms)

AssetImportParameters requested are different than current active one (requested -> active):
  custom:video-decoder-ogg-theora: a1e56fd34408186e4bbccfd4996cb3dc -> 
  custom:container-muxer-webm: aa71ff27fc2769a1b78a27578f13a17b -> 
  custom:container-demuxer-webm: 4f35f7cbe854078d1ac9338744f61a02 -> 
  custom:video-encoder-webm-vp8: eb34c28f22e8b96e1ab97ce403110664 -> 
  custom:audio-encoder-webm-vorbis: bf7c407c2cedff20999df2af8eb42d56 -> 
  custom:framework-win-MediaFoundation: 216162199b28c13a410421893ffa2e32 -> 
  custom:container-demuxer-ogg: 62fdf1f143b41e24485cea50d1cbac27 -> 
  custom:video-decoder-webm-vp8: 9c59270c3fd7afecdb556c50c9e8de78 -> 
  custom:audio-decoder-ogg-vorbis: bf7c407c2cedff20999df2af8eb42d56 -> 
========================================================================
Received Import Request.
  Time since last request: 7376.958921 seconds.
  path: Assets/Decrepit Dungeon LITE/EXAMPLE/Demo_Scene.unity
  artifactKey: Guid(14a2c64dbd956d346b9f674d144cc297) Importer(815301076,1909f56bfc062723c751e8b465ee728b)
Start importing Assets/Decrepit Dungeon LITE/EXAMPLE/Demo_Scene.unity using Guid(14a2c64dbd956d346b9f674d144cc297) Importer(815301076,1909f56bfc062723c751e8b465ee728b)  -> (artifact id: 'd5523b5bd85fb909eff2da875844b04b') in 0.027464 seconds 
========================================================================
Received Import Request.
  Time since last request: 90.929282 seconds.
  path: Assets/Scenes/MainMenu.unity
  artifactKey: Guid(3b73dacba1fa5f6419d06ceb1423ff14) Importer(815301076,1909f56bfc062723c751e8b465ee728b)
Start importing Assets/Scenes/MainMenu.unity using Guid(3b73dacba1fa5f6419d06ceb1423ff14) Importer(815301076,1909f56bfc062723c751e8b465ee728b)  -> (artifact id: '744063ed20d2fb7218dfa9c21f3fe85b') in 0.005005 seconds 
========================================================================
Received Import Request.
  Time since last request: 14.847218 seconds.
  path: Assets/Decrepit Dungeon LITE/Prefabs/Floors/Floor_A.prefab
  artifactKey: Guid(b2f96746c6005c64888263f64272a556) Importer(815301076,1909f56bfc062723c751e8b465ee728b)
Start importing Assets/Decrepit Dungeon LITE/Prefabs/Floors/Floor_A.prefab using Guid(b2f96746c6005c64888263f64272a556) Importer(815301076,1909f56bfc062723c751e8b465ee728b)  -> (artifact id: 'fcdbe272783b7c55ac9291a9d70b00ee') in 0.222326 seconds 
========================================================================
Received Import Request.
  Time since last request: 0.000019 seconds.
  path: Assets/Decrepit Dungeon LITE/Prefabs/Floors/Floor_C.prefab
  artifactKey: Guid(f5507bdcafa59ee4796ef124f9fa7d3c) Importer(815301076,1909f56bfc062723c751e8b465ee728b)
Start importing Assets/Decrepit Dungeon LITE/Prefabs/Floors/Floor_C.prefab using Guid(f5507bdcafa59ee4796ef124f9fa7d3c) Importer(815301076,1909f56bfc062723c751e8b465ee728b)  -> (artifact id: '56a8dbb8719f6d4a09ccb88829c51b0b') in 0.023993 seconds 
========================================================================
Received Import Request.
  Time since last request: 1470.249171 seconds.
  path: Assets/Decrepit Dungeon LITE/EXAMPLE/Demo_Scene
  artifactKey: Guid(47bb64a859f000849a7f0399ceb4f80e) Importer(815301076,1909f56bfc062723c751e8b465ee728b)
Start importing Assets/Decrepit Dungeon LITE/EXAMPLE/Demo_Scene using Guid(47bb64a859f000849a7f0399ceb4f80e) Importer(815301076,1909f56bfc062723c751e8b465ee728b)  -> (artifact id: 'd2a18e3fe522d53889a48c03c7df7007') in 0.005044 seconds 
========================================================================
Received Import Request.
  Time since last request: 0.051764 seconds.
  path: Assets/Decrepit Dungeon LITE/EXAMPLE/Demo_Scene/LightmapSnapshot.asset
  artifactKey: Guid(a1a21df98c4ce61418b36c0ce6457b52) Importer(815301076,1909f56bfc062723c751e8b465ee728b)
Start importing Assets/Decrepit Dungeon LITE/EXAMPLE/Demo_Scene/LightmapSnapshot.asset using Guid(a1a21df98c4ce61418b36c0ce6457b52) Importer(815301076,1909f56bfc062723c751e8b465ee728b) Lighting data asset ‘LightmapSnapshot’ is incompatible with the current Unity version. Please use Generate Lighting to rebuild the lighting data. Realtime Global Illumination cannot be used until the lighting data is rebuilt.
Lighting data asset ‘LightmapSnapshot’ is incompatible with the current Unity version because the scene it was baked for was not serialized. Please use Generate Lighting to rebuild the lighting data, or assign the target scene to the Lighting Data Asset in the inspector.
 -> (artifact id: '1d92dc882a8fd2874cfd136d6fedd03e') in 0.008191 seconds 
========================================================================
Received Import Request.
  Time since last request: 70.714110 seconds.
  path: Assets/Scenes/MainMenu.unity
  artifactKey: Guid(3b73dacba1fa5f6419d06ceb1423ff14) Importer(815301076,1909f56bfc062723c751e8b465ee728b)
Start importing Assets/Scenes/MainMenu.unity using Guid(3b73dacba1fa5f6419d06ceb1423ff14) Importer(815301076,1909f56bfc062723c751e8b465ee728b)  -> (artifact id: '0e3fc5aec7ddd65aaa83c697946bdd35') in 0.001542 seconds 
========================================================================
Received Import Request.
  Time since last request: 53.522204 seconds.
  path: Assets/Decrepit Dungeon LITE/Prefabs/Pillars/Pillar_A.prefab
  artifactKey: Guid(b93fbb2e189612641be84b2521736734) Importer(815301076,1909f56bfc062723c751e8b465ee728b)
Start importing Assets/Decrepit Dungeon LITE/Prefabs/Pillars/Pillar_A.prefab using Guid(b93fbb2e189612641be84b2521736734) Importer(815301076,1909f56bfc062723c751e8b465ee728b)  -> (artifact id: '8b1a45c3ab51e24fc453bbffe9e84e35') in 0.036289 seconds 
========================================================================
Received Import Request.
  Time since last request: 0.000035 seconds.
  path: Assets/Decrepit Dungeon LITE/Prefabs/Pillars/Pillar_F.prefab
  artifactKey: Guid(8811c9285b2bf334fb3e80d71c9e001b) Importer(815301076,1909f56bfc062723c751e8b465ee728b)
Start importing Assets/Decrepit Dungeon LITE/Prefabs/Pillars/Pillar_F.prefab using Guid(8811c9285b2bf334fb3e80d71c9e001b) Importer(815301076,1909f56bfc062723c751e8b465ee728b)  -> (artifact id: 'c1919ab11fa0ab12247757cdd7876410') in 0.024518 seconds 
========================================================================
Received Import Request.
  Time since last request: 19.270539 seconds.
  path: Assets/Decrepit Dungeon LITE/Materials/Flame.mat
  artifactKey: Guid(e3aca7f17b83630409550de9dc736e58) Importer(815301076,1909f56bfc062723c751e8b465ee728b)
Start importing Assets/Decrepit Dungeon LITE/Materials/Flame.mat using Guid(e3aca7f17b83630409550de9dc736e58) Importer(815301076,1909f56bfc062723c751e8b465ee728b)  -> (artifact id: '3b2b22f479d4ae044bf00b78de17a280') in 0.022248 seconds 
========================================================================
Received Import Request.
  Time since last request: 360.780843 seconds.
  path: Assets/Decrepit Dungeon LITE/Prefabs/Props/Arch_Gate.prefab
  artifactKey: Guid(e8509d0bc33ac9c4088232205ccc9352) Importer(815301076,1909f56bfc062723c751e8b465ee728b)
Start importing Assets/Decrepit Dungeon LITE/Prefabs/Props/Arch_Gate.prefab using Guid(e8509d0bc33ac9c4088232205ccc9352) Importer(815301076,1909f56bfc062723c751e8b465ee728b)  -> (artifact id: 'f41076a2ec3e3f933a94573e859a15e1') in 0.017863 seconds 
========================================================================
Received Import Request.
  Time since last request: 0.000023 seconds.
  path: Assets/Decrepit Dungeon LITE/Prefabs/Props/Crate_A.prefab
  artifactKey: Guid(480db41665e53e7478c2fa3aa583a1a6) Importer(815301076,1909f56bfc062723c751e8b465ee728b)
Start importing Assets/Decrepit Dungeon LITE/Prefabs/Props/Crate_A.prefab using Guid(480db41665e53e7478c2fa3aa583a1a6) Importer(815301076,1909f56bfc062723c751e8b465ee728b)  -> (artifact id: 'd754a1d6fe2dc0dfc95616463517f302') in 0.030893 seconds 
========================================================================
Received Import Request.
  Time since last request: 0.000018 seconds.
  path: Assets/Decrepit Dungeon LITE/Prefabs/Props/Chain_B.prefab
  artifactKey: Guid(58f563355aadeb3449ef8dea38d684a1) Importer(815301076,1909f56bfc062723c751e8b465ee728b)
Start importing Assets/Decrepit Dungeon LITE/Prefabs/Props/Chain_B.prefab using Guid(58f563355aadeb3449ef8dea38d684a1) Importer(815301076,1909f56bfc062723c751e8b465ee728b)  -> (artifact id: 'b8c371f9380b795138d6bb7247b5c170') in 0.025528 seconds 
========================================================================
Received Import Request.
  Time since last request: 0.000025 seconds.
  path: Assets/Decrepit Dungeon LITE/Prefabs/Props/Hanging_Cage.prefab
  artifactKey: Guid(443b16cc2c749c1449edeccb23f05576) Importer(815301076,1909f56bfc062723c751e8b465ee728b)
Start importing Assets/Decrepit Dungeon LITE/Prefabs/Props/Hanging_Cage.prefab using Guid(443b16cc2c749c1449edeccb23f05576) Importer(815301076,1909f56bfc062723c751e8b465ee728b)  -> (artifact id: '4d38a60eef2ce0e95f10b06a4cd1cbbf') in 0.018844 seconds 
========================================================================
Received Import Request.
  Time since last request: 0.000025 seconds.
  path: Assets/Decrepit Dungeon LITE/Prefabs/Props/Cell_Seat.prefab
  artifactKey: Guid(174108d41170dfe4b99e461fa4207ec1) Importer(815301076,1909f56bfc062723c751e8b465ee728b)
Start importing Assets/Decrepit Dungeon LITE/Prefabs/Props/Cell_Seat.prefab using Guid(174108d41170dfe4b99e461fa4207ec1) Importer(815301076,1909f56bfc062723c751e8b465ee728b)  -> (artifact id: 'ed1cbb143f85fc1f9a65625bce4dd52a') in 0.020253 seconds 
========================================================================
Received Import Request.
  Time since last request: 0.000024 seconds.
  path: Assets/Decrepit Dungeon LITE/Prefabs/Props/Chain_C.prefab
  artifactKey: Guid(60b14b8458acad44090d4c0939e88a86) Importer(815301076,1909f56bfc062723c751e8b465ee728b)
Start importing Assets/Decrepit Dungeon LITE/Prefabs/Props/Chain_C.prefab using Guid(60b14b8458acad44090d4c0939e88a86) Importer(815301076,1909f56bfc062723c751e8b465ee728b)  -> (artifact id: '3dc9a4daccb5a0edf85855adc6714a4f') in 0.018981 seconds 
========================================================================
Received Import Request.
  Time since last request: 0.000023 seconds.
  path: Assets/Decrepit Dungeon LITE/Prefabs/Props/Ladder.prefab
  artifactKey: Guid(7bade91c709d500478a3cdaa697994d7) Importer(815301076,1909f56bfc062723c751e8b465ee728b)
Start importing Assets/Decrepit Dungeon LITE/Prefabs/Props/Ladder.prefab using Guid(7bade91c709d500478a3cdaa697994d7) Importer(815301076,1909f56bfc062723c751e8b465ee728b)  -> (artifact id: 'c6f3244cffcf680ccae045f4dd40e449') in 0.014275 seconds 
========================================================================
Received Import Request.
  Time since last request: 0.000016 seconds.
  path: Assets/Decrepit Dungeon LITE/Prefabs/Props/Floor_Cage.prefab
  artifactKey: Guid(08e1ecba9be6e5b418edf1bf869b4e00) Importer(815301076,1909f56bfc062723c751e8b465ee728b)
Start importing Assets/Decrepit Dungeon LITE/Prefabs/Props/Floor_Cage.prefab using Guid(08e1ecba9be6e5b418edf1bf869b4e00) Importer(815301076,1909f56bfc062723c751e8b465ee728b)  -> (artifact id: '9ad767efe21d02d61793618acdff3cb8') in 0.014566 seconds 
========================================================================
Received Import Request.
  Time since last request: 0.000026 seconds.
  path: Assets/Decrepit Dungeon LITE/Prefabs/Props/Torch.prefab
  artifactKey: Guid(731670d05affd0045a25600d2045889f) Importer(815301076,1909f56bfc062723c751e8b465ee728b)
Start importing Assets/Decrepit Dungeon LITE/Prefabs/Props/Torch.prefab using Guid(731670d05affd0045a25600d2045889f) Importer(815301076,1909f56bfc062723c751e8b465ee728b)  -> (artifact id: '1c8a0f0ea7562075717b78ee89e0a5fc') in 0.017125 seconds 
========================================================================
Received Import Request.
  Time since last request: 0.000018 seconds.
  path: Assets/Decrepit Dungeon LITE/Prefabs/Props/Bucket.prefab
  artifactKey: Guid(ca7ff24101826a141b95bc27f8d49174) Importer(815301076,1909f56bfc062723c751e8b465ee728b)
Start importing Assets/Decrepit Dungeon LITE/Prefabs/Props/Bucket.prefab using Guid(ca7ff24101826a141b95bc27f8d49174) Importer(815301076,1909f56bfc062723c751e8b465ee728b)  -> (artifact id: '90a0ac46839bf96c63a9ce132ce0b558') in 0.075054 seconds 
========================================================================
Received Import Request.
  Time since last request: 0.000021 seconds.
  path: Assets/Decrepit Dungeon LITE/Prefabs/Props/Table_B.prefab
  artifactKey: Guid(4a90ae8b8179ff54e8f81ca11ea0252f) Importer(815301076,1909f56bfc062723c751e8b465ee728b)
Start importing Assets/Decrepit Dungeon LITE/Prefabs/Props/Table_B.prefab using Guid(4a90ae8b8179ff54e8f81ca11ea0252f) Importer(815301076,1909f56bfc062723c751e8b465ee728b)  -> (artifact id: '2d0bd92632ed4c02bb7bf157b2c88079') in 0.017814 seconds 
========================================================================
Received Import Request.
  Time since last request: 0.000047 seconds.
  path: Assets/Decrepit Dungeon LITE/Prefabs/Props/Table_A.prefab
  artifactKey: Guid(455e91ef9a68edd4ca1a9bba2ffccad8) Importer(815301076,1909f56bfc062723c751e8b465ee728b)
Start importing Assets/Decrepit Dungeon LITE/Prefabs/Props/Table_A.prefab using Guid(455e91ef9a68edd4ca1a9bba2ffccad8) Importer(815301076,1909f56bfc062723c751e8b465ee728b)  -> (artifact id: '90fad446a82a1f1f121251ef80d84e82') in 0.017187 seconds 
========================================================================
Received Import Request.
  Time since last request: 0.000020 seconds.
  path: Assets/Decrepit Dungeon LITE/Prefabs/Props/Crate_B.prefab
  artifactKey: Guid(fb9146713e012044a9861dc471edd4ee) Importer(815301076,1909f56bfc062723c751e8b465ee728b)
Start importing Assets/Decrepit Dungeon LITE/Prefabs/Props/Crate_B.prefab using Guid(fb9146713e012044a9861dc471edd4ee) Importer(815301076,1909f56bfc062723c751e8b465ee728b)  -> (artifact id: '272ed64c628153ea85a1de95350a1059') in 0.016930 seconds 
========================================================================
Received Import Request.
  Time since last request: 0.000018 seconds.
  path: Assets/Decrepit Dungeon LITE/Prefabs/Props/Chain_A.prefab
  artifactKey: Guid(9245e26ad7c62d04b85159fbd3564c2c) Importer(815301076,1909f56bfc062723c751e8b465ee728b)
Start importing Assets/Decrepit Dungeon LITE/Prefabs/Props/Chain_A.prefab using Guid(9245e26ad7c62d04b85159fbd3564c2c) Importer(815301076,1909f56bfc062723c751e8b465ee728b)  -> (artifact id: '8af8e685ba9667ab6b981d76dc43907a') in 0.018797 seconds 
========================================================================
Received Import Request.
  Time since last request: 0.000034 seconds.
  path: Assets/Decrepit Dungeon LITE/Prefabs/Props/Crate_C.prefab
  artifactKey: Guid(e9304edb27ba2474ca3a050aa5bc741b) Importer(815301076,1909f56bfc062723c751e8b465ee728b)
Start importing Assets/Decrepit Dungeon LITE/Prefabs/Props/Crate_C.prefab using Guid(e9304edb27ba2474ca3a050aa5bc741b) Importer(815301076,1909f56bfc062723c751e8b465ee728b)  -> (artifact id: '1ec2170000099fc102c19a04295d9fd6') in 0.015358 seconds 
========================================================================
Received Import Request.
  Time since last request: 0.000025 seconds.
  path: Assets/Decrepit Dungeon LITE/Prefabs/Props/Candles.prefab
  artifactKey: Guid(9399e3d779d8660489d87c9559841721) Importer(815301076,1909f56bfc062723c751e8b465ee728b)
Start importing Assets/Decrepit Dungeon LITE/Prefabs/Props/Candles.prefab using Guid(9399e3d779d8660489d87c9559841721) Importer(815301076,1909f56bfc062723c751e8b465ee728b)  -> (artifact id: 'b69b03b19150309e5db5da66cafad50b') in 0.017399 seconds 
========================================================================
Received Import Request.
  Time since last request: 0.000029 seconds.
  path: Assets/Decrepit Dungeon LITE/Prefabs/Props/Chain_D.prefab
  artifactKey: Guid(065afdc0580dbbe498b318b35d182112) Importer(815301076,1909f56bfc062723c751e8b465ee728b)
Start importing Assets/Decrepit Dungeon LITE/Prefabs/Props/Chain_D.prefab using Guid(065afdc0580dbbe498b318b35d182112) Importer(815301076,1909f56bfc062723c751e8b465ee728b)  -> (artifact id: 'e4e16d77e10a10baad207ff72f108be4') in 0.018185 seconds 
========================================================================
Received Prepare
Registering precompiled user dll's ...
Registered in 0.005438 seconds.
Begin MonoManager ReloadAssembly
Symbol file LoadedFromMemory doesn't match image D:\Kingston\Year 3\FYP\FYP(Git)\FYP\Library\PackageCache\com.unity.visualscripting@1.7.8\Editor\VisualScripting.Core\Dependencies\YamlDotNet\Unity.VisualScripting.YamlDotNet.dll
Symbol file LoadedFromMemory doesn't match image D:\Kingston\Year 3\FYP\FYP(Git)\FYP\Library\PackageCache\com.unity.visualscripting@1.7.8\Editor\VisualScripting.Core\Dependencies\DotNetZip\Unity.VisualScripting.IonicZip.dll
Native extension for UWP target not found
Native extension for WindowsStandalone target not found
Native extension for iOS target not found
Native extension for Android target not found
Native extension for WebGL target not found
Refreshing native plugins compatible for Editor in 0.75 ms, found 3 plugins.
Preloading 0 native plugins for Editor in 0.00 ms.
Mono: successfully reloaded assembly
- Completed reload, in  1.292 seconds
Domain Reload Profiling:
	ReloadAssembly (1293ms)
		BeginReloadAssembly (160ms)
			ExecutionOrderSort (0ms)
			DisableScriptedObjects (8ms)
			BackupInstance (0ms)
			ReleaseScriptingObjects (0ms)
			CreateAndSetChildDomain (62ms)
		EndReloadAssembly (1040ms)
			LoadAssemblies (93ms)
			RebuildTransferFunctionScriptingTraits (0ms)
			SetupTypeCache (329ms)
			ReleaseScriptCaches (2ms)
			RebuildScriptCaches (52ms)
			SetupLoadedEditorAssemblies (494ms)
				LogAssemblyErrors (0ms)
				InitializePlatformSupportModulesInManaged (31ms)
				SetLoadedEditorAssemblies (0ms)
				RefreshPlugins (1ms)
				BeforeProcessingInitializeOnLoad (90ms)
				ProcessInitializeOnLoadAttributes (276ms)
				ProcessInitializeOnLoadMethodAttributes (87ms)
				AfterProcessingInitializeOnLoad (9ms)
				EditorAssembliesLoaded (0ms)
			ExecutionOrderSort2 (0ms)
			AwakeInstancesAfterBackupRestoration (12ms)
Platform modules already initialized, skipping
Refreshing native plugins compatible for Editor in 2.36 ms, found 3 plugins.
Preloading 0 native plugins for Editor in 0.00 ms.
Unloading 5615 Unused Serialized files (Serialized files now loaded: 0)
Unloading 30 unused Assets / (0.8 MB). Loaded Objects now: 6328.
Memory consumption went from 224.9 MB to 224.1 MB.
Total: 3.843900 ms (FindLiveObjects: 0.372000 ms CreateObjectMapping: 0.319500 ms MarkObjects: 2.807100 ms  DeleteObjects: 0.344600 ms)

AssetImportParameters requested are different than current active one (requested -> active):
  custom:video-decoder-ogg-theora: a1e56fd34408186e4bbccfd4996cb3dc -> 
  custom:container-muxer-webm: aa71ff27fc2769a1b78a27578f13a17b -> 
  custom:container-demuxer-webm: 4f35f7cbe854078d1ac9338744f61a02 -> 
  custom:video-encoder-webm-vp8: eb34c28f22e8b96e1ab97ce403110664 -> 
  custom:audio-encoder-webm-vorbis: bf7c407c2cedff20999df2af8eb42d56 -> 
  custom:framework-win-MediaFoundation: 216162199b28c13a410421893ffa2e32 -> 
  custom:container-demuxer-ogg: 62fdf1f143b41e24485cea50d1cbac27 -> 
  custom:video-decoder-webm-vp8: 9c59270c3fd7afecdb556c50c9e8de78 -> 
  custom:audio-decoder-ogg-vorbis: bf7c407c2cedff20999df2af8eb42d56 -> 
========================================================================
Received Import Request.
  Time since last request: 48.126105 seconds.
  path: Assets/Decrepit Dungeon LITE/Prefabs/Arches/Arch_A.prefab
  artifactKey: Guid(de3b8c31d809a0442bdf5e22edaf92be) Importer(815301076,1909f56bfc062723c751e8b465ee728b)
Start importing Assets/Decrepit Dungeon LITE/Prefabs/Arches/Arch_A.prefab using Guid(de3b8c31d809a0442bdf5e22edaf92be) Importer(815301076,1909f56bfc062723c751e8b465ee728b)  -> (artifact id: '594a215077c201b18348ca3dd00a651e') in 0.193557 seconds 
Editor requested this worker to shutdown with reason: Scaling down because of idle timeout
AssetImportWorker is now disconnected from the server
Process exiting
Exiting without the bug reporter. Application will terminate with return code 0